Mon Mar 28 15:26:12 2022				Page     1

Photoplot log file
Results from aperture table.


INPUT-UNITS     INCHES

WHEEL     1

LINE            0.98            D372
LINE           0.984            D370
LINE               1            D369
LINE           1.969            D378
LINE           3.937            D375
LINE               4            D373
LINE           4.724            D377
LINE               5            D376
LINE           5.984            D371
LINE               6            D367
LINE           7.874            D158
LINE               8            D374
LINE              10            D368
LINE              11            D290
LINE          11.811            D70
LINE              12            D101
LINE          17.717            D281
LINE          19.685            D228
LINE              22            D297
LINE          23.622            D310
LINE              25            D272
LINE          25.591            D113
LINE          27.559            D186
LINE          30.512            D110
LINE          31.496            D179
LINE              36            D236
LINE              40            D239
LINE          43.622            D27
LINE          51.496            D55
LINE          55.118            D331
LINE             420            D124
CIRCLE            12            D129
CIRCLE            16            D130
CIRCLE            19            D131
CIRCLE            20            D132
CIRCLE        21.657            D191
CIRCLE        25.591            D30
CIRCLE            26            D136
CIRCLE            27            D135
CIRCLE          31.5            D62
CIRCLE            35            D134
CIRCLE            36            D133
CIRCLE            39            D38
CIRCLE            43            D39
CIRCLE        43.307            D173
CIRCLE            50            D366
CIRCLE            51            D365
Mon Mar 28 15:26:12 2022				Page     2

Photoplot log file
Results from aperture table.

CIRCLE        55.039            D118
CIRCLE        55.118            D24
CIRCLE            59            D37
CIRCLE        59.055            D25
CIRCLE        59.059            D63
CIRCLE            60            D81
CIRCLE            61            D91
CIRCLE            62            D313
CIRCLE        62.992            D18
CIRCLE        64.961            D23
CIRCLE            65            D79
CIRCLE        66.929            D19
CIRCLE            67            D314
CIRCLE            75            D263
CIRCLE            77            D40
CIRCLE        98.425            D174
CIRCLE           100            D202
CIRCLE           105            D203
CIRCLE           110            D261
CIRCLE           118            D262
CIRCLE           120            D20
CIRCLE           130            D334
CIRCLE           135            D105
CIRCLE           140            D21
CIRCLE           150            D104
CIRCLE           158            D258
CIRCLE           165            D259
CIRCLE           170            D260
CIRCLE       170.079            D22
CIRCLE           178            D90
CIRCLE           200            D127
CIRCLE           205            D128
SQUARE             1   0.00000            D96
SQUARE        19.685   0.00000            D93
SQUARE            32   0.00000            D255
SQUARE            50   0.00000            D92
SQUARE        55.039   0.00000            D119
SQUARE            60   0.00000            D80
SQUARE            62   0.00000            D244
SQUARE        62.992   0.00000            D16
SQUARE            65   0.00000            D77
SQUARE        66.929   0.00000            D17
SQUARE        72.047   0.00000            D26
SQUARE            77   0.00000            D78
SQUARE           100   0.00000            D200
SQUARE           105   0.00000            D201
SQUARE           127   0.00000            D100
SQUARE         127.9   0.00000            D99
RECTANGLE      7.874    19.685   0.00000  D162
RECTANGLE      7.874    27.559   0.00000  D252
RECTANGLE         10        24   0.00000  D65
RECTANGLE         11        70   0.00000  D289
Mon Mar 28 15:26:12 2022				Page     3

Photoplot log file
Results from aperture table.

RECTANGLE      11.81     29.53   0.00000  D219
RECTANGLE     11.811     13.78   0.00000  D155
RECTANGLE     11.811    16.732   0.00000  D43
RECTANGLE     11.811    20.669   0.00000  D45
RECTANGLE     11.811    25.591   0.00000  D170
RECTANGLE     11.811    31.496   0.00000  D122
RECTANGLE     11.811    35.433   0.00000  D59
RECTANGLE     11.811    55.118   0.00000  D120
RECTANGLE         12        18   0.00000  D212
RECTANGLE     12.598    26.378   0.00000  D168
RECTANGLE     13.701        55   0.00000  D88
RECTANGLE      13.78    11.811   0.00000  D154
RECTANGLE     15.748    23.622   0.00000  D41
RECTANGLE     15.748     53.15   0.00000  D116
RECTANGLE         16        20   0.00000  D215
RECTANGLE     16.732    11.811   0.00000  D44
RECTANGLE         18        12   0.00000  D213
RECTANGLE         18    27.748   0.00000  D98
RECTANGLE         19        56   0.00000  D68
RECTANGLE     19.685     7.874   0.00000  D161
RECTANGLE     19.685    35.433   0.00000  D61
RECTANGLE     19.685    44.244   0.00000  D198
RECTANGLE     19.685    59.055   0.00000  D10
RECTANGLE     19.685    61.024   0.00000  D232
RECTANGLE         20        16   0.00000  D214
RECTANGLE     20.669    11.811   0.00000  D46
RECTANGLE     21.654    66.929   0.00000  D50
RECTANGLE         22        56   0.00000  D66
RECTANGLE         22        91   0.00000  D209
RECTANGLE     23.228    62.205   0.00000  D153
RECTANGLE     23.622    15.748   0.00000  D42
RECTANGLE     23.622    41.339   0.00000  D211
RECTANGLE     23.622    51.181   0.00000  D31
RECTANGLE     23.622    61.024   0.00000  D305
RECTANGLE         24        10   0.00000  D64
RECTANGLE         25        70   0.00000  D271
RECTANGLE         25        94   0.00000  D301
RECTANGLE     25.591    11.811   0.00000  D169
RECTANGLE     26.378    12.598   0.00000  D167
RECTANGLE     27.559     7.874   0.00000  D251
RECTANGLE     27.559    27.559   0.00000  D137
RECTANGLE     27.748        18   0.00000  D97
RECTANGLE         28        33   0.00000  D353
RECTANGLE      29.53     11.81   0.00000  D218
RECTANGLE     31.496    11.811   0.00000  D123
RECTANGLE     31.496    48.819   0.00000  D148
RECTANGLE     31.496    98.425   0.00000  D74
RECTANGLE     31.496   102.362   0.00000  D325
RECTANGLE         32        37   0.00000  D355
RECTANGLE         32        78   0.00000  D253
RECTANGLE     32.283    103.15   0.00000  D323
RECTANGLE         33        28   0.00000  D354
Mon Mar 28 15:26:12 2022				Page     4

Photoplot log file
Results from aperture table.

RECTANGLE         33        57   0.00000  D87
RECTANGLE         34        40   0.00000  D315
RECTANGLE         34        50   0.00000  D317
RECTANGLE         35       110   0.00000  D363
RECTANGLE     35.433    11.811   0.00000  D58
RECTANGLE     35.433    19.685   0.00000  D60
RECTANGLE     35.433     39.37   0.00000  D51
RECTANGLE     35.433    55.118   0.00000  D190
RECTANGLE     35.433    59.055   0.00000  D13
RECTANGLE     35.433    98.425   0.00000  D249
RECTANGLE         37        32   0.00000  D356
RECTANGLE         37        53   0.00000  D359
RECTANGLE         37        67   0.00000  D347
RECTANGLE     37.402    41.732   0.00000  D257
RECTANGLE     37.402    98.425   0.00000  D144
RECTANGLE      39.37    35.433   0.00000  D52
RECTANGLE      39.37    47.244   0.00000  D184
RECTANGLE      39.37    62.992   0.00000  D165
RECTANGLE         40        34   0.00000  D316
RECTANGLE         40        50   0.00000  D342
RECTANGLE         40        55   0.00000  D223
RECTANGLE         40        80   0.00000  D221
RECTANGLE         41        57   0.00000  D361
RECTANGLE         41        71   0.00000  D349
RECTANGLE     41.339    23.622   0.00000  D210
RECTANGLE     41.339   149.606   0.00000  D322
RECTANGLE     41.732    37.402   0.00000  D256
RECTANGLE         43      78.7   0.00000  D34
RECTANGLE     43.307    66.929   0.00000  D15
RECTANGLE         44        96   0.00000  D246
RECTANGLE     44.244    19.685   0.00000  D199
RECTANGLE         45        55   0.00000  D295
RECTANGLE         45        65   0.00000  D293
RECTANGLE         45       140   0.00000  D234
RECTANGLE     45.276    59.055   0.00000  D141
RECTANGLE     45.276    86.614   0.00000  D142
RECTANGLE     45.669    47.244   0.00000  D146
RECTANGLE     45.669    49.213   0.00000  D138
RECTANGLE     47.244     39.37   0.00000  D185
RECTANGLE     47.244    45.669   0.00000  D147
RECTANGLE     47.244    51.181   0.00000  D183
RECTANGLE         48        53   0.00000  D351
RECTANGLE     48.819    31.496   0.00000  D149
RECTANGLE     49.213    45.669   0.00000  D139
RECTANGLE     49.213   112.205   0.00000  D207
RECTANGLE         50        34   0.00000  D318
RECTANGLE         50        40   0.00000  D341
RECTANGLE         50        60   0.00000  D248
RECTANGLE         50        90   0.00000  D84
RECTANGLE         50       115   0.00000  D335
RECTANGLE     51.181    23.622   0.00000  D32
RECTANGLE     51.181    47.244   0.00000  D182
Mon Mar 28 15:26:12 2022				Page     5

Photoplot log file
Results from aperture table.

RECTANGLE     51.181   110.236   0.00000  D177
RECTANGLE         52       142   0.00000  D278
RECTANGLE         53        37   0.00000  D360
RECTANGLE         53        48   0.00000  D352
RECTANGLE      53.15    15.748   0.00000  D117
RECTANGLE     53.886    101.13   0.00000  D227
RECTANGLE         55    13.701   0.00000  D89
RECTANGLE         55        40   0.00000  D222
RECTANGLE         55        45   0.00000  D296
RECTANGLE     55.118    11.811   0.00000  D121
RECTANGLE     55.118    35.433   0.00000  D189
RECTANGLE     55.118    70.866   0.00000  D329
RECTANGLE     55.118   133.858   0.00000  D243
RECTANGLE     55.512     71.26   0.00000  D327
RECTANGLE         56        19   0.00000  D69
RECTANGLE         56        22   0.00000  D67
RECTANGLE         57        33   0.00000  D86
RECTANGLE         57        41   0.00000  D362
RECTANGLE         57        73   0.00000  D357
RECTANGLE         57        87   0.00000  D345
RECTANGLE      57.48   213.386   0.00000  D287
RECTANGLE     57.984    85.543   0.00000  D309
RECTANGLE         59        63   0.00000  D157
RECTANGLE     59.055    19.685   0.00000  D11
RECTANGLE     59.055    35.433   0.00000  D12
RECTANGLE     59.055    45.276   0.00000  D140
RECTANGLE     59.055    61.024   0.00000  D108
RECTANGLE         60        50   0.00000  D247
RECTANGLE         60        60   0.00000  D233
RECTANGLE         60        72   0.00000  D265
RECTANGLE     61.024    19.685   0.00000  D231
RECTANGLE     61.024    23.622   0.00000  D304
RECTANGLE     61.024    59.055   0.00000  D109
RECTANGLE     62.205    23.228   0.00000  D152
RECTANGLE     62.992     39.37   0.00000  D166
RECTANGLE     62.992    74.803   0.00000  D175
RECTANGLE     62.992    84.646   0.00000  D192
RECTANGLE         63        59   0.00000  D156
RECTANGLE         63        75   0.00000  D267
RECTANGLE         63        94   0.00000  D94
RECTANGLE         64       100   0.00000  D75
RECTANGLE         65        45   0.00000  D294
RECTANGLE         65        77   0.00000  D269
RECTANGLE     66.929    21.654   0.00000  D49
RECTANGLE     66.929    43.307   0.00000  D14
RECTANGLE      66.93    145.67   0.00000  D47
RECTANGLE         67        37   0.00000  D348
RECTANGLE         69        71   0.00000  D276
RECTANGLE         70        11   0.00000  D288
RECTANGLE         70        25   0.00000  D270
RECTANGLE     70.866    55.118   0.00000  D330
RECTANGLE     70.866   102.362   0.00000  D194
Mon Mar 28 15:26:12 2022				Page     6

Photoplot log file
Results from aperture table.

RECTANGLE         71        41   0.00000  D350
RECTANGLE         71        69   0.00000  D275
RECTANGLE      71.26    55.512   0.00000  D328
RECTANGLE         72        60   0.00000  D264
RECTANGLE         73        57   0.00000  D358
RECTANGLE     74.803    62.992   0.00000  D176
RECTANGLE         75        63   0.00000  D266
RECTANGLE         77        65   0.00000  D268
RECTANGLE         78        32   0.00000  D254
RECTANGLE       78.7        43   0.00000  D33
RECTANGLE       78.7      90.5   0.00000  D344
RECTANGLE         80        40   0.00000  D220
RECTANGLE     84.646    62.992   0.00000  D193
RECTANGLE     85.543    57.984   0.00000  D308
RECTANGLE     86.614    45.276   0.00000  D143
RECTANGLE         87        57   0.00000  D346
RECTANGLE     88.583   125.984   0.00000  D106
RECTANGLE         90        50   0.00000  D85
RECTANGLE       90.5      78.7   0.00000  D343
RECTANGLE     90.551    118.11   0.00000  D35
RECTANGLE         91        22   0.00000  D208
RECTANGLE         94        25   0.00000  D300
RECTANGLE         94        63   0.00000  D95
RECTANGLE     94.882   120.079   0.00000  D151
RECTANGLE         96        44   0.00000  D245
RECTANGLE     98.425    31.496   0.00000  D73
RECTANGLE     98.425    35.433   0.00000  D250
RECTANGLE     98.425    37.402   0.00000  D145
RECTANGLE     98.425   125.984   0.00000  D307
RECTANGLE        100        64   0.00000  D76
RECTANGLE     101.13    53.886   0.00000  D226
RECTANGLE        102       146   0.00000  D337
RECTANGLE    102.362    31.496   0.00000  D326
RECTANGLE    102.362    70.866   0.00000  D195
RECTANGLE        103       108   0.00000  D339
RECTANGLE     103.15    32.283   0.00000  D324
RECTANGLE        108       103   0.00000  D340
RECTANGLE        110        35   0.00000  D364
RECTANGLE    110.236    51.181   0.00000  D178
RECTANGLE    110.236   137.795   0.00000  D225
RECTANGLE    112.205    49.213   0.00000  D206
RECTANGLE    112.205   156.693   0.00000  D53
RECTANGLE        115        50   0.00000  D336
RECTANGLE     118.11    90.551   0.00000  D36
RECTANGLE    120.079    94.882   0.00000  D150
RECTANGLE    125.984    88.583   0.00000  D107
RECTANGLE    125.984    98.425   0.00000  D306
RECTANGLE        130       325   0.00000  D279
RECTANGLE    133.858    55.118   0.00000  D242
RECTANGLE    137.795   110.236   0.00000  D224
RECTANGLE        140        45   0.00000  D235
RECTANGLE        140       280   0.00000  D82
Mon Mar 28 15:26:12 2022				Page     7

Photoplot log file
Results from aperture table.

RECTANGLE        142        52   0.00000  D277
RECTANGLE    145.669   212.598   0.00000  D284
RECTANGLE     145.67     66.93   0.00000  D48
RECTANGLE        146       102   0.00000  D338
RECTANGLE    149.606    41.339   0.00000  D321
RECTANGLE    156.693   112.205   0.00000  D54
RECTANGLE    212.598   145.669   0.00000  D285
RECTANGLE    213.386     57.48   0.00000  D286
RECTANGLE    218.504   255.906   0.00000  D205
RECTANGLE    255.906   218.504   0.00000  D204
RECTANGLE        280       140   0.00000  D83
RECTANGLE        325       130   0.00000  D280
RECTANGLE    356.299   423.228   0.00000  D320
RECTANGLE    423.228   356.299   0.00000  D319
OBLONG         7.874    19.685   0.00000  D160
OBLONG            11        70   0.00000  D292
OBLONG        11.811    25.591   0.00000  D172
OBLONG        11.811    31.496   0.00000  D197
OBLONG        11.811    33.465   0.00000  D217
OBLONG        11.811    35.433   0.00000  D164
OBLONG        11.811    59.055   0.00000  D72
OBLONG            12      39.4   0.00000  D102
OBLONG        17.717    33.465   0.00000  D283
OBLONG        19.685     7.874   0.00000  D159
OBLONG        19.685    61.024   0.00000  D230
OBLONG            22        78   0.00000  D299
OBLONG        23.622    61.024   0.00000  D312
OBLONG            25        70   0.00000  D274
OBLONG            25        94   0.00000  D303
OBLONG        25.591    11.811   0.00000  D171
OBLONG        25.591    51.181   0.00000  D115
OBLONG        27.559    47.244   0.00000  D188
OBLONG        30.512    61.024   0.00000  D112
OBLONG        31.496    11.811   0.00000  D196
OBLONG        31.496    51.181   0.00000  D181
OBLONG        33.465    11.811   0.00000  D216
OBLONG        33.465    17.717   0.00000  D282
OBLONG        35.433    11.811   0.00000  D163
OBLONG            36      78.7   0.00000  D237
OBLONG          39.4        12   0.00000  D103
OBLONG            40      78.7   0.00000  D240
OBLONG        43.622    87.244   0.00000  D29
OBLONG        47.244    27.559   0.00000  D187
OBLONG        51.181    25.591   0.00000  D114
OBLONG        51.181    31.496   0.00000  D180
OBLONG        51.496   102.992   0.00000  D57
OBLONG        55.118    70.866   0.00000  D332
OBLONG        59.055    11.811   0.00000  D71
OBLONG        61.024    19.685   0.00000  D229
OBLONG        61.024    23.622   0.00000  D311
OBLONG        61.024    30.512   0.00000  D111
OBLONG            70        11   0.00000  D291
Mon Mar 28 15:26:12 2022				Page     8

Photoplot log file
Results from aperture table.

OBLONG            70        25   0.00000  D273
OBLONG        70.866    55.118   0.00000  D333
OBLONG            78        22   0.00000  D298
OBLONG          78.7        36   0.00000  D238
OBLONG          78.7        40   0.00000  D241
OBLONG        87.244    43.622   0.00000  D28
OBLONG            94        25   0.00000  D302
OBLONG       102.992    51.496   0.00000  D56
OBLONG           420       660   0.00000  D126
OBLONG           660       420   0.00000  D125

